[04/24/15 10:15  ]----------------------------------------
[04/24/15 10:15  ]Operating System: Windows
[04/24/15 10:15  ]Current User: Ivan
[04/24/15 10:15  ]System Registration Key: 6341119
[04/24/15 10:15  ]Node Lock: 2O0WXXX
[04/24/15 10:15  ]
[04/24/15 10:15  ]----------------------------------------
[04/24/15 10:15  ]
[04/24/15 10:15  ]
[04/24/15 10:15  ]License: RAD Studio XE5 Enterprise
[04/24/15 10:15  ]Registration Key=0
[04/24/15 10:15  ]----------------------------------------
[04/24/15 10:15  ]Operating System: Windows
[04/24/15 10:15  ]Current User: Ivan
[04/24/15 10:15  ]System Registration Key: 6341119
[04/24/15 10:15  ]Node Lock: 2O0WXXX
[04/24/15 10:15  ]
[04/24/15 10:15  ]----------------------------------------
[04/24/15 10:15  ]
[04/24/15 10:15  ]
[04/24/15 10:15  ]License: RAD Studio XE5 Enterprise
[04/24/15 10:15  ]Registration Key=0
[04.24.15 10:16 AM ]----------------------------------------
[04.24.15 10:16 AM ]Operating System: Windows
[04.24.15 10:16 AM ]Current User: Ivan
[04.24.15 10:16 AM ]System Registration Key: 6341119
[04.24.15 10:16 AM ]Node Lock: 2O0WXXX
[04.24.15 10:16 AM ]
[04.24.15 10:16 AM ]----------------------------------------
[04.24.15 10:16 AM ]
[04.24.15 10:16 AM ]
[04.24.15 10:16 AM ]License: RAD Studio XE5 Enterprise
[04.24.15 10:16 AM ]Registration Key=0
[04/24/15 10:16  ]----------------------------------------
[04/24/15 10:16  ]Operating System: Windows
[04/24/15 10:16  ]Current User: Ivan
[04/24/15 10:16  ]System Registration Key: 6341119
[04/24/15 10:16  ]Node Lock: 2O0WXXX
[04/24/15 10:16  ]
[04/24/15 10:16  ]----------------------------------------
[04/24/15 10:16  ]
[04/24/15 10:16  ]
[04/24/15 10:16  ]License: RAD Studio XE5 Enterprise
[04/24/15 10:16  ]Registration Key=0
[04.24.15 10:16 AM ]----------------------------------------
[04.24.15 10:16 AM ]Operating System: Windows
[04.24.15 10:16 AM ]Current User: Ivan
[04.24.15 10:16 AM ]System Registration Key: 6341119
[04.24.15 10:16 AM ]Node Lock: 2O0WXXX
[04.24.15 10:16 AM ]
[04.24.15 10:16 AM ]----------------------------------------
[04.24.15 10:16 AM ]
[04.24.15 10:16 AM ]
[04.24.15 10:16 AM ]License: RAD Studio XE5 Enterprise
[04.24.15 10:16 AM ]Registration Key=0
[04/24/15 10:16  ]----------------------------------------
[04/24/15 10:16  ]Operating System: Windows
[04/24/15 10:16  ]Current User: Ivan
[04/24/15 10:16  ]System Registration Key: 6341119
[04/24/15 10:16  ]Node Lock: 2O0WXXX
[04/24/15 10:16  ]
[04/24/15 10:16  ]----------------------------------------
[04/24/15 10:16  ]
[04/24/15 10:16  ]
[04/24/15 10:16  ]License: RAD Studio XE5 Enterprise
[04/24/15 10:16  ]Registration Key=0
[04.24.15 10:17 AM ]----------------------------------------
[04.24.15 10:17 AM ]Operating System: Windows
[04.24.15 10:17 AM ]Current User: Ivan
[04.24.15 10:17 AM ]System Registration Key: 6341119
[04.24.15 10:17 AM ]Node Lock: 2O0WXXX
[04.24.15 10:17 AM ]
[04.24.15 10:17 AM ]----------------------------------------
[04.24.15 10:17 AM ]
[04.24.15 10:17 AM ]
[04.24.15 10:17 AM ]License: RAD Studio XE5 Enterprise
[04.24.15 10:17 AM ]Registration Key=0
[04/24/15 10:17  ]----------------------------------------
[04/24/15 10:17  ]Operating System: Windows
[04/24/15 10:17  ]Current User: Ivan
[04/24/15 10:17  ]System Registration Key: 6341119
[04/24/15 10:17  ]Node Lock: 2O0WXXX
[04/24/15 10:17  ]
[04/24/15 10:17  ]----------------------------------------
[04/24/15 10:17  ]
[04/24/15 10:17  ]
[04/24/15 10:17  ]License: RAD Studio XE5 Enterprise
[04/24/15 10:17  ]Registration Key=0
[04.24.15 10:17 AM ]----------------------------------------
[04.24.15 10:17 AM ]Operating System: Windows
[04.24.15 10:17 AM ]Current User: Ivan
[04.24.15 10:17 AM ]System Registration Key: 6341119
[04.24.15 10:17 AM ]Node Lock: 2O0WXXX
[04.24.15 10:17 AM ]
[04.24.15 10:17 AM ]----------------------------------------
[04.24.15 10:17 AM ]Unreg #0 HNFJ-DPADCW-BDWCFU-FPNN
[04.24.15 10:17 AM ]
[04.24.15 10:17 AM ]
[04.24.15 10:17 AM ]License: RAD Studio XE5 Enterprise
[04.24.15 10:17 AM ]Registration Key=0
[05.25.15 03:17 PM ]----------------------------------------
[05.25.15 03:17 PM ]Operating System: Windows
[05.25.15 03:17 PM ]Current User: Ivan
[05.25.15 03:17 PM ]System Registration Key: 6341119
[05.25.15 03:17 PM ]Node Lock: 2O0WXXX
[05.25.15 03:17 PM ]
[05.25.15 03:17 PM ]----------------------------------------
[05.25.15 03:17 PM ]Unreg #0 HNFJ-DPADCW-BDWCFU-FPNN
[05.25.15 03:17 PM ]
[05.25.15 03:17 PM ]
[05.25.15 03:17 PM ]License: RAD Studio XE5 Enterprise
[05.25.15 03:17 PM ]Registration Key=0
[05/25/15 03:17  ]----------------------------------------
[05/25/15 03:17  ]Operating System: Windows
[05/25/15 03:17  ]Current User: Ivan
[05/25/15 03:17  ]System Registration Key: 6341119
[05/25/15 03:17  ]Node Lock: 2O0WXXX
[05/25/15 03:17  ]
[05/25/15 03:17  ]----------------------------------------
[05/25/15 03:17  ]Unreg #1 HNFJ-DPADCW-BDWCFU-FPNN
[05/25/15 03:17  ]
[05/25/15 03:17  ]
[05/25/15 03:17  ]License: RAD Studio XE5 Enterprise
[05/25/15 03:17  ]Registration Key=0
[05.25.15 03:17 PM ]----------------------------------------
[05.25.15 03:17 PM ]Operating System: Windows
[05.25.15 03:17 PM ]Current User: Ivan
[05.25.15 03:17 PM ]System Registration Key: 6341119
[05.25.15 03:17 PM ]Node Lock: 2O0WXXX
[05.25.15 03:17 PM ]
[05.25.15 03:17 PM ]----------------------------------------
[05.25.15 03:17 PM ]Unreg #0 HNFJ-DPADCW-BDWCFU-FPNN
[05.25.15 03:17 PM ]
[05.25.15 03:17 PM ]
[05.25.15 03:17 PM ]License: RAD Studio XE5 Enterprise
[05.25.15 03:17 PM ]Registration Key=0
[05/25/15 03:17  ]----------------------------------------
[05/25/15 03:17  ]Operating System: Windows
[05/25/15 03:17  ]Current User: Ivan
[05/25/15 03:17  ]System Registration Key: 6341119
[05/25/15 03:17  ]Node Lock: 2O0WXXX
[05/25/15 03:17  ]
[05/25/15 03:17  ]----------------------------------------
[05/25/15 03:17  ]Unreg #1 HNFJ-DPADCW-BDWCFU-FPNN
[05/25/15 03:17  ]
[05/25/15 03:17  ]
[05/25/15 03:17  ]License: RAD Studio XE5 Enterprise
[05/25/15 03:17  ]Registration Key=0
[05.25.15 03:18 PM ]----------------------------------------
[05.25.15 03:18 PM ]Operating System: Windows
[05.25.15 03:18 PM ]Current User: Ivan
[05.25.15 03:18 PM ]System Registration Key: 6341119
[05.25.15 03:18 PM ]Node Lock: 2O0WXXX
[05.25.15 03:18 PM ]
[05.25.15 03:18 PM ]----------------------------------------
[05.25.15 03:18 PM ]Unreg #0 HNFJ-DPADCW-BDWCFU-FPNN
[05.25.15 03:18 PM ]
[05.25.15 03:18 PM ]
[05.25.15 03:18 PM ]License: RAD Studio XE5 Enterprise
[05.25.15 03:18 PM ]Registration Key=0
[05/25/15 03:18  ]----------------------------------------
[05/25/15 03:18  ]Operating System: Windows
[05/25/15 03:18  ]Current User: Ivan
[05/25/15 03:18  ]System Registration Key: 6341119
[05/25/15 03:18  ]Node Lock: 2O0WXXX
[05/25/15 03:18  ]
[05/25/15 03:18  ]----------------------------------------
[05/25/15 03:18  ]Unreg #1 HNFJ-DPADCW-BDWCFU-FPNN
[05/25/15 03:18  ]
[05/25/15 03:18  ]
[05/25/15 03:18  ]License: RAD Studio XE5 Enterprise
[05/25/15 03:18  ]Registration Key=0
[05.25.15 03:18 PM ]----------------------------------------
[05.25.15 03:18 PM ]Operating System: Windows
[05.25.15 03:18 PM ]Current User: Ivan
[05.25.15 03:18 PM ]System Registration Key: 6341119
[05.25.15 03:18 PM ]Node Lock: 2O0WXXX
[05.25.15 03:18 PM ]
[05.25.15 03:18 PM ]----------------------------------------
[05.25.15 03:18 PM ]Unreg #0 HNFJ-DPADCW-BDWCFU-FPNN
[05.25.15 03:18 PM ]
[05.25.15 03:18 PM ]
[05.25.15 03:18 PM ]License: RAD Studio XE5 Enterprise
[05.25.15 03:18 PM ]Registration Key=0
[05/25/15 03:18  ]----------------------------------------
[05/25/15 03:18  ]Operating System: Windows
[05/25/15 03:18  ]Current User: Ivan
[05/25/15 03:18  ]System Registration Key: 6341119
[05/25/15 03:18  ]Node Lock: 2O0WXXX
[05/25/15 03:18  ]
[05/25/15 03:18  ]----------------------------------------
[05/25/15 03:18  ]Unreg #1 HNFJ-DPADCW-BDWCFU-FPNN
[05/25/15 03:18  ]
[05/25/15 03:18  ]
[05/25/15 03:18  ]License: RAD Studio XE5 Enterprise
[05/25/15 03:18  ]Registration Key=0
[05.25.15 03:18 PM ]----------------------------------------
[05.25.15 03:18 PM ]Operating System: Windows
[05.25.15 03:18 PM ]Current User: Ivan
[05.25.15 03:18 PM ]System Registration Key: 6341119
[05.25.15 03:18 PM ]Node Lock: 2O0WXXX
[05.25.15 03:18 PM ]
[05.25.15 03:18 PM ]----------------------------------------
[05.25.15 03:18 PM ]Unreg #0 HNFJ-DPADCW-BDWCFU-FPNN
[05.25.15 03:18 PM ]
[05.25.15 03:18 PM ]
[05.25.15 03:18 PM ]License: RAD Studio XE5 Enterprise
[05.25.15 03:18 PM ]Registration Key=0
[05/25/15 03:18  ]----------------------------------------
[05/25/15 03:18  ]Operating System: Windows
[05/25/15 03:18  ]Current User: Ivan
[05/25/15 03:18  ]System Registration Key: 6341119
[05/25/15 03:18  ]Node Lock: 2O0WXXX
[05/25/15 03:18  ]
[05/25/15 03:18  ]----------------------------------------
[05/25/15 03:18  ]Unreg #1 HNFJ-DPADCW-BDWCFU-FPNN
[05/25/15 03:18  ]
[05/25/15 03:18  ]
[05/25/15 03:18  ]License: RAD Studio XE5 Enterprise
[05/25/15 03:18  ]Registration Key=0
[05.25.15 03:18 PM ]----------------------------------------
[05.25.15 03:18 PM ]Operating System: Windows
[05.25.15 03:18 PM ]Current User: Ivan
[05.25.15 03:18 PM ]System Registration Key: 6341119
[05.25.15 03:18 PM ]Node Lock: 2O0WXXX
[05.25.15 03:18 PM ]
[05.25.15 03:18 PM ]----------------------------------------
[05.25.15 03:18 PM ]Unreg #0 HNFJ-DPADCW-BDWCFU-FPNN
[05.25.15 03:18 PM ]
[05.25.15 03:18 PM ]
[05.25.15 03:18 PM ]License: RAD Studio XE5 Enterprise
[05.25.15 03:18 PM ]Registration Key=0
[09.09.15 07:22 PM ]----------------------------------------
[09.09.15 07:22 PM ]Operating System: Windows
[09.09.15 07:22 PM ]Current User: Ivan
[09.09.15 07:22 PM ]System Registration Key: 6341119
[09.09.15 07:22 PM ]Node Lock: 2O0WXXX
[09.09.15 07:22 PM ]
[09.09.15 07:22 PM ]----------------------------------------
[09.09.15 07:22 PM ]Unreg #0 HNFJ-DPADCW-BDWCFU-FPNN
[09.09.15 07:22 PM ]
[09.09.15 07:22 PM ]
[09.09.15 07:22 PM ]License: RAD Studio XE5 Enterprise
[09.09.15 07:22 PM ]Registration Key=0
[09/09/15 07:22  ]----------------------------------------
[09/09/15 07:22  ]Operating System: Windows
[09/09/15 07:22  ]Current User: Ivan
[09/09/15 07:22  ]System Registration Key: 6341119
[09/09/15 07:22  ]Node Lock: 2O0WXXX
[09/09/15 07:22  ]
[09/09/15 07:22  ]----------------------------------------
[09/09/15 07:22  ]Unreg #1 HNFJ-DPADCW-BDWCFU-FPNN
[09/09/15 07:22  ]
[09/09/15 07:22  ]
[09/09/15 07:22  ]License: RAD Studio XE5 Enterprise
[09/09/15 07:22  ]Registration Key=0
[09.09.15 07:22 PM ]----------------------------------------
[09.09.15 07:22 PM ]Operating System: Windows
[09.09.15 07:22 PM ]Current User: Ivan
[09.09.15 07:22 PM ]System Registration Key: 6341119
[09.09.15 07:22 PM ]Node Lock: 2O0WXXX
[09.09.15 07:22 PM ]
[09.09.15 07:22 PM ]----------------------------------------
[09.09.15 07:22 PM ]Unreg #0 HNFJ-DPADCW-BDWCFU-FPNN
[09.09.15 07:22 PM ]
[09.09.15 07:22 PM ]
[09.09.15 07:22 PM ]License: RAD Studio XE5 Enterprise
[09.09.15 07:22 PM ]Registration Key=0
[09/09/15 07:22  ]----------------------------------------
[09/09/15 07:22  ]Operating System: Windows
[09/09/15 07:22  ]Current User: Ivan
[09/09/15 07:22  ]System Registration Key: 6341119
[09/09/15 07:22  ]Node Lock: 2O0WXXX
[09/09/15 07:22  ]
[09/09/15 07:22  ]----------------------------------------
[09/09/15 07:22  ]Unreg #1 HNFJ-DPADCW-BDWCFU-FPNN
[09/09/15 07:22  ]
[09/09/15 07:22  ]
[09/09/15 07:22  ]License: RAD Studio XE5 Enterprise
[09/09/15 07:22  ]Registration Key=0
[09.09.15 07:22 PM ]----------------------------------------
[09.09.15 07:22 PM ]Operating System: Windows
[09.09.15 07:22 PM ]Current User: Ivan
[09.09.15 07:22 PM ]System Registration Key: 6341119
[09.09.15 07:22 PM ]Node Lock: 2O0WXXX
[09.09.15 07:22 PM ]
[09.09.15 07:22 PM ]----------------------------------------
[09.09.15 07:22 PM ]Unreg #0 HNFJ-DPADCW-BDWCFU-FPNN
[09.09.15 07:22 PM ]
[09.09.15 07:22 PM ]
[09.09.15 07:22 PM ]License: RAD Studio XE5 Enterprise
[09.09.15 07:22 PM ]Registration Key=0
[09/09/15 07:22  ]----------------------------------------
[09/09/15 07:22  ]Operating System: Windows
[09/09/15 07:22  ]Current User: Ivan
[09/09/15 07:22  ]System Registration Key: 6341119
[09/09/15 07:22  ]Node Lock: 2O0WXXX
[09/09/15 07:22  ]
[09/09/15 07:22  ]----------------------------------------
[09/09/15 07:22  ]Unreg #1 HNFJ-DPADCW-BDWCFU-FPNN
[09/09/15 07:22  ]
[09/09/15 07:22  ]
[09/09/15 07:22  ]License: RAD Studio XE5 Enterprise
[09/09/15 07:22  ]Registration Key=0
[09.09.15 07:22 PM ]----------------------------------------
[09.09.15 07:22 PM ]Operating System: Windows
[09.09.15 07:22 PM ]Current User: Ivan
[09.09.15 07:22 PM ]System Registration Key: 6341119
[09.09.15 07:22 PM ]Node Lock: 2O0WXXX
[09.09.15 07:22 PM ]
[09.09.15 07:22 PM ]----------------------------------------
[09.09.15 07:22 PM ]Unreg #0 HNFJ-DPADCW-BDWCFU-FPNN
[09.09.15 07:22 PM ]
[09.09.15 07:22 PM ]
[09.09.15 07:22 PM ]License: RAD Studio XE5 Enterprise
[09.09.15 07:22 PM ]Registration Key=0
[09/09/15 07:22  ]----------------------------------------
[09/09/15 07:22  ]Operating System: Windows
[09/09/15 07:22  ]Current User: Ivan
[09/09/15 07:22  ]System Registration Key: 6341119
[09/09/15 07:22  ]Node Lock: 2O0WXXX
[09/09/15 07:22  ]
[09/09/15 07:22  ]----------------------------------------
[09/09/15 07:22  ]Unreg #1 HNFJ-DPADCW-BDWCFU-FPNN
[09/09/15 07:22  ]
[09/09/15 07:22  ]
[09/09/15 07:22  ]License: RAD Studio XE5 Enterprise
[09/09/15 07:22  ]Registration Key=0
[09.09.15 07:22 PM ]----------------------------------------
[09.09.15 07:22 PM ]Operating System: Windows
[09.09.15 07:22 PM ]Current User: Ivan
[09.09.15 07:22 PM ]System Registration Key: 6341119
[09.09.15 07:22 PM ]Node Lock: 2O0WXXX
[09.09.15 07:22 PM ]
[09.09.15 07:22 PM ]----------------------------------------
[09.09.15 07:22 PM ]Unreg #0 HNFJ-DPADCW-BDWCFU-FPNN
[09.09.15 07:22 PM ]
[09.09.15 07:22 PM ]
[09.09.15 07:22 PM ]License: RAD Studio XE5 Enterprise
[09.09.15 07:22 PM ]Registration Key=0
[09/09/15 07:22  ]----------------------------------------
[09/09/15 07:22  ]Operating System: Windows
[09/09/15 07:22  ]Current User: Ivan
[09/09/15 07:22  ]System Registration Key: 6341119
[09/09/15 07:22  ]Node Lock: 2O0WXXX
[09/09/15 07:22  ]
[09/09/15 07:22  ]----------------------------------------
[09/09/15 07:22  ]Unreg #1 HNFJ-DPADCW-BDWCFU-FPNN
[09/09/15 07:22  ]
[09/09/15 07:22  ]
[09/09/15 07:22  ]License: RAD Studio XE5 Enterprise
[09/09/15 07:22  ]Registration Key=0
[09.09.15 07:22 PM ]----------------------------------------
[09.09.15 07:22 PM ]Operating System: Windows
[09.09.15 07:22 PM ]Current User: Ivan
[09.09.15 07:22 PM ]System Registration Key: 6341119
[09.09.15 07:22 PM ]Node Lock: 2O0WXXX
[09.09.15 07:22 PM ]
[09.09.15 07:22 PM ]----------------------------------------
[09.09.15 07:22 PM ]Unreg #0 HNFJ-DPADCW-BDWCFU-FPNN
[09.09.15 07:22 PM ]
[09.09.15 07:22 PM ]
[09.09.15 07:22 PM ]License: RAD Studio XE5 Enterprise
[09.09.15 07:22 PM ]Registration Key=0
[09/09/15 07:22  ]----------------------------------------
[09/09/15 07:22  ]Operating System: Windows
[09/09/15 07:22  ]Current User: Ivan
[09/09/15 07:22  ]System Registration Key: 6341119
[09/09/15 07:22  ]Node Lock: 2O0WXXX
[09/09/15 07:22  ]
[09/09/15 07:22  ]----------------------------------------
[09/09/15 07:22  ]Unreg #1 HNFJ-DPADCW-BDWCFU-FPNN
[09/09/15 07:22  ]
[09/09/15 07:22  ]
[09/09/15 07:22  ]License: RAD Studio XE5 Enterprise
[09/09/15 07:22  ]Registration Key=0
[09.09.15 07:22 PM ]----------------------------------------
[09.09.15 07:22 PM ]Operating System: Windows
[09.09.15 07:22 PM ]Current User: Ivan
[09.09.15 07:22 PM ]System Registration Key: 6341119
[09.09.15 07:22 PM ]Node Lock: 2O0WXXX
[09.09.15 07:22 PM ]
[09.09.15 07:22 PM ]----------------------------------------
[09.09.15 07:22 PM ]Unreg #0 HNFJ-DPADCW-BDWCFU-FPNN
[09.09.15 07:22 PM ]
[09.09.15 07:22 PM ]
[09.09.15 07:22 PM ]License: RAD Studio XE5 Enterprise
[09.09.15 07:22 PM ]Registration Key=0
[09/09/15 07:23  ]----------------------------------------
[09/09/15 07:23  ]Operating System: Windows
[09/09/15 07:23  ]Current User: Ivan
[09/09/15 07:23  ]System Registration Key: 6341119
[09/09/15 07:23  ]Node Lock: 2O0WXXX
[09/09/15 07:23  ]
[09/09/15 07:23  ]----------------------------------------
[09/09/15 07:23  ]Unreg #1 HNFJ-DPADCW-BDWCFU-FPNN
[09/09/15 07:23  ]
[09/09/15 07:23  ]
[09/09/15 07:23  ]License: RAD Studio XE5 Enterprise
[09/09/15 07:23  ]Registration Key=0
[09.09.15 07:23 PM ]----------------------------------------
[09.09.15 07:23 PM ]Operating System: Windows
[09.09.15 07:23 PM ]Current User: Ivan
[09.09.15 07:23 PM ]System Registration Key: 6341119
[09.09.15 07:23 PM ]Node Lock: 2O0WXXX
[09.09.15 07:23 PM ]
[09.09.15 07:23 PM ]----------------------------------------
[09.09.15 07:23 PM ]Unreg #0 HNFJ-DPADCW-BDWCFU-FPNN
[09.09.15 07:23 PM ]
[09.09.15 07:23 PM ]
[09.09.15 07:23 PM ]License: RAD Studio XE5 Enterprise
[09.09.15 07:23 PM ]Registration Key=0
[09/09/15 07:32  ]----------------------------------------
[09/09/15 07:32  ]Operating System: Windows
[09/09/15 07:32  ]Current User: Ivan
[09/09/15 07:32  ]System Registration Key: 6341119
[09/09/15 07:32  ]Node Lock: 2O0WXXX
[09/09/15 07:32  ]
[09/09/15 07:32  ]----------------------------------------
[09/09/15 07:32  ]Unreg #1 HNFJ-DPADCW-BDWCFU-FPNN
[09/09/15 07:32  ]
[09/09/15 07:32  ]
[09/09/15 07:32  ]License: RAD Studio XE5 Enterprise
[09/09/15 07:32  ]Registration Key=0
[09.09.15 07:33 PM ]----------------------------------------
[09.09.15 07:33 PM ]Operating System: Windows
[09.09.15 07:33 PM ]Current User: Ivan
[09.09.15 07:33 PM ]System Registration Key: 6341119
[09.09.15 07:33 PM ]Node Lock: 2O0WXXX
[09.09.15 07:33 PM ]
[09.09.15 07:33 PM ]----------------------------------------
[09.09.15 07:33 PM ]Unreg #0 HNFJ-DPADCW-BDWCFU-FPNN
[09.09.15 07:33 PM ]
[09.09.15 07:33 PM ]
[09.09.15 07:33 PM ]License: RAD Studio XE5 Enterprise
[09.09.15 07:33 PM ]Registration Key=0
